This is XeTeX, Version 3.141592653-2.6-0.999997 (TeX Live 2025) (preloaded format=xelatex 2025.5.20)  22 MAY 2025 01:52
entering extended mode
 restricted \write18 enabled.
 file:line:error style messages enabled.
 %&-line parsing enabled.
**CourseWork.tex

(C:/Users/DelNick/Documents/Coursework/Reinforcing-Fiber/TextCourseWork/CourseW
ork.tex
LaTeX2e <2024-11-01> patch level 2
L3 programming layer <2025-04-29>
(c:/texlive/2025/texmf-dist/tex/latex/base/article.cls
Document Class: article 2024/06/29 v1.4n Standard LaTeX document class
(c:/texlive/2025/texmf-dist/tex/latex/base/size12.clo
File: size12.clo 2024/06/29 v1.4n Standard LaTeX file (size option)
)
\c@part=\count268
\c@section=\count269
\c@subsection=\count270
\c@subsubsection=\count271
\c@paragraph=\count272
\c@subparagraph=\count273
\c@figure=\count274
\c@table=\count275
\abovecaptionskip=\skip49
\belowcaptionskip=\skip50
\bibindent=\dimen146
)
(c:/texlive/2025/texmf-dist/tex/latex/geometry/geometry.sty
Package: geometry 2020/01/02 v5.9 Page Geometry

(c:/texlive/2025/texmf-dist/tex/latex/graphics/keyval.sty
Package: keyval 2022/05/29 v1.15 key=value parser (DPC)
\KV@toks@=\toks17
)
(c:/texlive/2025/texmf-dist/tex/generic/iftex/ifvtex.sty
Package: ifvtex 2019/10/25 v1.7 ifvtex legacy package. Use iftex instead.

(c:/texlive/2025/texmf-dist/tex/generic/iftex/iftex.sty
Package: iftex 2024/12/12 v1.0g TeX engine tests
))
\Gm@cnth=\count276
\Gm@cntv=\count277
\c@Gm@tempcnt=\count278
\Gm@bindingoffset=\dimen147
\Gm@wd@mp=\dimen148
\Gm@odd@mp=\dimen149
\Gm@even@mp=\dimen150
\Gm@layoutwidth=\dimen151
\Gm@layoutheight=\dimen152
\Gm@layouthoffset=\dimen153
\Gm@layoutvoffset=\dimen154
\Gm@dimlist=\toks18
)
(c:/texlive/2025/texmf-dist/tex/latex/base/fontenc.sty
Package: fontenc 2021/04/29 v2.0v Standard LaTeX package

(c:/texlive/2025/texmf-dist/tex/latex/cyrillic/t2aenc.def
File: t2aenc.def 2023/11/07 v1.0k Cyrillic encoding definition file
)
LaTeX Font Info:    Trying to load font information for T2A+lmr on input line 1
16.
LaTeX Font Info:    No file T2Almr.fd. on input line 116.
LaTeX Font Info:    Trying to load font information for T2A+cmr on input line 1
16.

(c:/texlive/2025/texmf-dist/tex/latex/cyrillic/t2acmr.fd
File: t2acmr.fd 2001/08/11 v1.0a Computer Modern Cyrillic font definitions
)

LaTeX Font Warning: Font shape `T2A/lmr/m/n' undefined
(Font)              using `T2A/cmr/m/n' instead on input line 116.

) (c:/texlive/2025/texmf-dist/tex/latex/base/inputenc.sty
Package: inputenc 2024/02/08 v1.3d Input encoding file
\inpenc@prehook=\toks19
\inpenc@posthook=\toks20


Package inputenc Warning: inputenc package ignored with utf8 based engines.

) (c:/texlive/2025/texmf-dist/tex/generic/babel/babel.sty
Package: babel 2025/05/14 v25.9 The multilingual framework for pdfLaTeX, LuaLaT
eX and XeLaTeX
\babel@savecnt=\count279
\U@D=\dimen155
\l@unhyphenated=\language90

(c:/texlive/2025/texmf-dist/tex/generic/babel/xebabel.def)
\bbl@readstream=\read2
\bbl@dirlevel=\count280

(c:/texlive/2025/texmf-dist/tex/generic/babel-russian/russianb.ldf
File: russianb.ldf 2021/01/10 1.3m Russian support for the Babel system
Language: russian 2020/09/09 1.3k Russian support for the Babel system

(c:/texlive/2025/texmf-dist/tex/generic/babel/locale/ru/babel-russian.tex
Package babel Info: Importing font and identification data for russian
(babel)             from babel-ru.ini. Reported on input line 11.
)
Package babel Info: Making " an active character on input line 124.
Package babel Info: Default for \cyrdash is provided on input line 163.
))
(c:/texlive/2025/texmf-dist/tex/latex/hyphenat/hyphenat.sty
Package: hyphenat 2009/09/02 v2.3c hyphenation utilities
\langwohyphens=\language91
LaTeX Info: Redefining \_ on input line 43.
)
(c:/texlive/2025/texmf-dist/tex/latex/fontspec/fontspec.sty
(c:/texlive/2025/texmf-dist/tex/latex/l3packages/xparse/xparse.sty
(c:/texlive/2025/texmf-dist/tex/latex/l3kernel/expl3.sty
Package: expl3 2025-04-29 L3 programming layer (loader) 

(c:/texlive/2025/texmf-dist/tex/latex/l3backend/l3backend-xetex.def
File: l3backend-xetex.def 2025-04-14 L3 backend support: XeTeX
\g__graphics_track_int=\count281
\g__pdfannot_backend_int=\count282
\g__pdfannot_backend_link_int=\count283
))
Package: xparse 2024-08-16 L3 Experimental document command parser
)
Package: fontspec 2024/05/11 v2.9e Font selection for XeLaTeX and LuaLaTeX

(c:/texlive/2025/texmf-dist/tex/latex/fontspec/fontspec-xetex.sty
Package: fontspec-xetex 2024/05/11 v2.9e Font selection for XeLaTeX and LuaLaTe
X
\l__fontspec_script_int=\count284
\l__fontspec_language_int=\count285
\l__fontspec_strnum_int=\count286
\l__fontspec_tmp_int=\count287
\l__fontspec_tmpa_int=\count288
\l__fontspec_tmpb_int=\count289
\l__fontspec_tmpc_int=\count290
\l__fontspec_em_int=\count291
\l__fontspec_emdef_int=\count292
\l__fontspec_strong_int=\count293
\l__fontspec_strongdef_int=\count294
\l__fontspec_tmpa_dim=\dimen156
\l__fontspec_tmpb_dim=\dimen157
\l__fontspec_tmpc_dim=\dimen158

(c:/texlive/2025/texmf-dist/tex/latex/base/fontenc.sty
Package: fontenc 2021/04/29 v2.0v Standard LaTeX package
)
(c:/texlive/2025/texmf-dist/tex/latex/fontspec/fontspec.cfg)))

Package fontspec Info: 
(fontspec)             Font family 'TimesNewRoman(0)' created for font 'Times
(fontspec)             New Roman' with options [Ligatures=TeX].
(fontspec)              
(fontspec)              This font family consists of the following NFSS
(fontspec)             series/shapes:
(fontspec)              
(fontspec)             - 'normal' (m/n) with NFSS spec.: <->"Times New
(fontspec)             Roman/OT:script=latn;language=dflt;mapping=tex-text;"
(fontspec)             - 'small caps'  (m/sc) with NFSS spec.: <->"Times New
(fontspec)             Roman/OT:script=latn;language=dflt;+smcp;mapping=tex-tex
t;"
(fontspec)             - 'bold' (b/n) with NFSS spec.: <->"Times New
(fontspec)             Roman/B/OT:script=latn;language=dflt;mapping=tex-text;"
(fontspec)             - 'bold small caps'  (b/sc) with NFSS spec.: <->"Times
(fontspec)             New
(fontspec)             Roman/B/OT:script=latn;language=dflt;+smcp;mapping=tex-t
ext;"
(fontspec)             - 'italic' (m/it) with NFSS spec.: <->"Times New
(fontspec)             Roman/I/OT:script=latn;language=dflt;mapping=tex-text;"
(fontspec)             - 'italic small caps'  (m/scit) with NFSS spec.:
(fontspec)             <->"Times New
(fontspec)             Roman/I/OT:script=latn;language=dflt;+smcp;mapping=tex-t
ext;"
(fontspec)             - 'bold italic' (b/it) with NFSS spec.: <->"Times New
(fontspec)             Roman/BI/OT:script=latn;language=dflt;mapping=tex-text;"

(fontspec)             - 'bold italic small caps'  (b/scit) with NFSS spec.:
(fontspec)             <->"Times New
(fontspec)             Roman/BI/OT:script=latn;language=dflt;+smcp;mapping=tex-
text;"


(c:/texlive/2025/texmf-dist/tex/latex/setspace/setspace.sty
Package: setspace 2022/12/04 v6.7b set line spacing
)
(c:/texlive/2025/texmf-dist/tex/latex/microtype/microtype.sty
Package: microtype 2025/02/11 v3.2a Micro-typographical refinements (RS)

(c:/texlive/2025/texmf-dist/tex/latex/etoolbox/etoolbox.sty
Package: etoolbox 2025/02/11 v2.5l e-TeX tools for LaTeX (JAW)
\etb@tempcnta=\count295
)
\MT@toks=\toks21
\MT@tempbox=\box53
\MT@count=\count296
LaTeX Info: Redefining \noprotrusionifhmode on input line 1087.
LaTeX Info: Redefining \leftprotrusion on input line 1088.
\MT@prot@toks=\toks22
LaTeX Info: Redefining \rightprotrusion on input line 1107.
LaTeX Info: Redefining \textls on input line 1449.
\MT@outer@kern=\dimen159
LaTeX Info: Redefining \microtypecontext on input line 2053.
LaTeX Info: Redefining \textmicrotypecontext on input line 2070.
\MT@listname@count=\count297

(c:/texlive/2025/texmf-dist/tex/latex/microtype/microtype-xetex.def
File: microtype-xetex.def 2025/02/11 v3.2a Definitions specific to xetex (RS)
LaTeX Info: Redefining \lsstyle on input line 443.
LaTeX Info: Redefining \lslig on input line 451.
\MT@outer@space=\skip51
)
Package microtype Info: Loading configuration file microtype.cfg.

(c:/texlive/2025/texmf-dist/tex/latex/microtype/microtype.cfg
File: microtype.cfg 2025/02/11 v3.2a microtype main configuration file (RS)
)
LaTeX Info: Redefining \microtypesetup on input line 3065.
)
(c:/texlive/2025/texmf-dist/tex/latex/fancyhdr/fancyhdr.sty
Package: fancyhdr 2025/02/07 v5.2 Extensive control of page headers and footers

\f@nch@headwidth=\skip52
\f@nch@offset@elh=\skip53
\f@nch@offset@erh=\skip54
\f@nch@offset@olh=\skip55
\f@nch@offset@orh=\skip56
\f@nch@offset@elf=\skip57
\f@nch@offset@erf=\skip58
\f@nch@offset@olf=\skip59
\f@nch@offset@orf=\skip60
\f@nch@height=\skip61
\f@nch@footalignment=\skip62
\f@nch@widthL=\skip63
\f@nch@widthC=\skip64
\f@nch@widthR=\skip65
\@temptokenb=\toks23
)
(c:/texlive/2025/texmf-dist/tex/latex/caption/caption.sty
Package: caption 2023/08/05 v3.6o Customizing captions (AR)

(c:/texlive/2025/texmf-dist/tex/latex/caption/caption3.sty
Package: caption3 2023/07/31 v2.4d caption3 kernel (AR)
\caption@tempdima=\dimen160
\captionmargin=\dimen161
\caption@leftmargin=\dimen162
\caption@rightmargin=\dimen163
\caption@width=\dimen164
\caption@indent=\dimen165
\caption@parindent=\dimen166
\caption@hangindent=\dimen167
Package caption Info: Standard document class detected.
)
\c@caption@flags=\count298
\c@continuedfloat=\count299
)
(c:/texlive/2025/texmf-dist/tex/latex/caption/subcaption.sty
Package: subcaption 2023/07/28 v1.6b Sub-captions (AR)
Package caption Info: New subtype `subfigure' on input line 238.
\c@subfigure=\count300
Package caption Info: New subtype `subtable' on input line 238.
\c@subtable=\count301
)
(c:/texlive/2025/texmf-dist/tex/latex/titlesec/titlesec.sty
Package: titlesec 2025/01/04 v2.17 Sectioning titles
\ttl@box=\box54
\beforetitleunit=\skip66
\aftertitleunit=\skip67
\ttl@plus=\dimen168
\ttl@minus=\dimen169
\ttl@toksa=\toks24
\titlewidth=\dimen170
\titlewidthlast=\dimen171
\titlewidthfirst=\dimen172
)
(c:/texlive/2025/texmf-dist/tex/latex/tools/indentfirst.sty
Package: indentfirst 2023/07/02 v1.03 Indent first paragraph (DPC)
)
(c:/texlive/2025/texmf-dist/tex/latex/grffile/grffile.sty
Package: grffile 2019/11/11 v2.1 Extended file name support for graphics (legac
y)
Package grffile Info: This package is an empty stub for compatibility on input 
line 40.

(c:/texlive/2025/texmf-dist/tex/latex/graphics/graphicx.sty
Package: graphicx 2021/09/16 v1.2d Enhanced LaTeX Graphics (DPC,SPQR)

(c:/texlive/2025/texmf-dist/tex/latex/graphics/graphics.sty
Package: graphics 2024/08/06 v1.4g Standard LaTeX Graphics (DPC,SPQR)

(c:/texlive/2025/texmf-dist/tex/latex/graphics/trig.sty
Package: trig 2023/12/02 v1.11 sin cos tan (DPC)
)
(c:/texlive/2025/texmf-dist/tex/latex/graphics-cfg/graphics.cfg
File: graphics.cfg 2016/06/04 v1.11 sample graphics configuration
)
Package graphics Info: Driver file: xetex.def on input line 106.

(c:/texlive/2025/texmf-dist/tex/latex/graphics-def/xetex.def
File: xetex.def 2022/09/22 v5.0n Graphics/color driver for xetex
))
\Gin@req@height=\dimen173
\Gin@req@width=\dimen174
))
(c:/texlive/2025/texmf-dist/tex/latex/cite/cite.sty
LaTeX Info: Redefining \cite on input line 302.
LaTeX Info: Redefining \nocite on input line 332.
Package: cite 2015/02/27  v 5.5
)
(c:/texlive/2025/texmf-dist/tex/latex/xcolor/xcolor.sty
Package: xcolor 2024/09/29 v3.02 LaTeX color extensions (UK)

(c:/texlive/2025/texmf-dist/tex/latex/graphics-cfg/color.cfg
File: color.cfg 2016/01/02 v1.6 sample color configuration
)
Package xcolor Info: Driver file: xetex.def on input line 274.

(c:/texlive/2025/texmf-dist/tex/latex/graphics/mathcolor.ltx)
Package xcolor Info: Model `cmy' substituted by `cmy0' on input line 1349.
Package xcolor Info: Model `RGB' extended on input line 1365.
Package xcolor Info: Model `HTML' substituted by `rgb' on input line 1367.
Package xcolor Info: Model `Hsb' substituted by `hsb' on input line 1368.
Package xcolor Info: Model `tHsb' substituted by `hsb' on input line 1369.
Package xcolor Info: Model `HSB' substituted by `hsb' on input line 1370.
Package xcolor Info: Model `Gray' substituted by `gray' on input line 1371.
Package xcolor Info: Model `wave' substituted by `hsb' on input line 1372.
)
(c:/texlive/2025/texmf-dist/tex/latex/amsmath/amsmath.sty
Package: amsmath 2024/11/05 v2.17t AMS math features
\@mathmargin=\skip68

For additional information on amsmath, use the `?' option.
(c:/texlive/2025/texmf-dist/tex/latex/amsmath/amstext.sty
Package: amstext 2021/08/26 v2.01 AMS text

(c:/texlive/2025/texmf-dist/tex/latex/amsmath/amsgen.sty
File: amsgen.sty 1999/11/30 v2.0 generic functions
\@emptytoks=\toks25
\ex@=\dimen175
))
(c:/texlive/2025/texmf-dist/tex/latex/amsmath/amsbsy.sty
Package: amsbsy 1999/11/29 v1.2d Bold Symbols
\pmbraise@=\dimen176
)
(c:/texlive/2025/texmf-dist/tex/latex/amsmath/amsopn.sty
Package: amsopn 2022/04/08 v2.04 operator names
)
\inf@bad=\count302
LaTeX Info: Redefining \frac on input line 233.
\uproot@=\count303
\leftroot@=\count304
LaTeX Info: Redefining \overline on input line 398.
LaTeX Info: Redefining \colon on input line 409.
\classnum@=\count305
\DOTSCASE@=\count306
LaTeX Info: Redefining \ldots on input line 495.
LaTeX Info: Redefining \dots on input line 498.
LaTeX Info: Redefining \cdots on input line 619.
\Mathstrutbox@=\box55
\strutbox@=\box56
LaTeX Info: Redefining \big on input line 721.
LaTeX Info: Redefining \Big on input line 722.
LaTeX Info: Redefining \bigg on input line 723.
LaTeX Info: Redefining \Bigg on input line 724.
\big@size=\dimen177
LaTeX Font Info:    Redeclaring font encoding OML on input line 742.
LaTeX Font Info:    Redeclaring font encoding OMS on input line 743.
\macc@depth=\count307
LaTeX Info: Redefining \bmod on input line 904.
LaTeX Info: Redefining \pmod on input line 909.
LaTeX Info: Redefining \smash on input line 939.
LaTeX Info: Redefining \relbar on input line 969.
LaTeX Info: Redefining \Relbar on input line 970.
\c@MaxMatrixCols=\count308
\dotsspace@=\muskip17
\c@parentequation=\count309
\dspbrk@lvl=\count310
\tag@help=\toks26
\row@=\count311
\column@=\count312
\maxfields@=\count313
\andhelp@=\toks27
\eqnshift@=\dimen178
\alignsep@=\dimen179
\tagshift@=\dimen180
\tagwidth@=\dimen181
\totwidth@=\dimen182
\lineht@=\dimen183
\@envbody=\toks28
\multlinegap=\skip69
\multlinetaggap=\skip70
\mathdisplay@stack=\toks29
LaTeX Info: Redefining \[ on input line 2953.
LaTeX Info: Redefining \] on input line 2954.
)
C:/Users/DelNick/Documents/Coursework/Reinforcing-Fiber/TextCourseWork/CourseWo
rk.tex:86: Undefined control sequence.
<recently read> \usetikzlibrary 
                                
l.86 \usetikzlibrary
                    {external}
The control sequence at the end of the top line
of your error message was never \def'ed. If you have
misspelled it (e.g., `\hobx'), type `I' and the correct
spelling (e.g., `I\hbox'). Otherwise just continue,
and I'll forget about whatever was undefined.


C:/Users/DelNick/Documents/Coursework/Reinforcing-Fiber/TextCourseWork/CourseWo
rk.tex:86: LaTeX Error: Missing \begin{document}.

See the LaTeX manual or LaTeX Companion for explanation.
Type  H <return>  for immediate help.
 ...                                              
                                                  
l.86 \usetikzlibrary{e
                      xternal}
You're in trouble here.  Try typing  <return>  to proceed.
If that doesn't work, type  X <return>  to quit.

C:/Users/DelNick/Documents/Coursework/Reinforcing-Fiber/TextCourseWork/CourseWo
rk.tex:87: Undefined control sequence.
l.87 \tikzexternalize
                     [prefix=tikz/]
The control sequence at the end of the top line
of your error message was never \def'ed. If you have
misspelled it (e.g., `\hobx'), type `I' and the correct
spelling (e.g., `I\hbox'). Otherwise just continue,
and I'll forget about whatever was undefined.


(C:/Users/DelNick/Documents/Coursework/Reinforcing-Fiber/TextCourseWork/CourseW
ork.aux
Package babel Info: 'russian' activates 'russian' shorthands.
(babel)             Reported  on input line 5.


LaTeX Warning: Label `fig:rotated' multiply defined.


LaTeX Warning: Label `fig:rotated' multiply defined.


LaTeX Warning: Label `fig:rotated' multiply defined.


LaTeX Warning: Label `fig:rotated' multiply defined.


LaTeX Warning: Label `fig:both' multiply defined.


LaTeX Warning: Label `fig:both' multiply defined.


LaTeX Warning: Label `fig:both' multiply defined.


LaTeX Warning: Label `fig:both' multiply defined.


LaTeX Warning: Label `fig:both' multiply defined.


LaTeX Warning: Label `fig:both' multiply defined.


LaTeX Warning: Label `fig:both' multiply defined.


LaTeX Warning: Label `fig:both' multiply defined.


LaTeX Warning: Label `fig:both' multiply defined.


LaTeX Warning: Label `fig:both' multiply defined.


LaTeX Warning: Label `fig:both' multiply defined.


LaTeX Warning: Label `fig:both' multiply defined.


LaTeX Warning: Label `fig:both' multiply defined.


LaTeX Warning: Label `fig:both' multiply defined.


LaTeX Warning: Label `fig:both' multiply defined.


LaTeX Warning: Label `fig:both' multiply defined.


LaTeX Warning: Label `fig:both' multiply defined.

)
\openout1 = `CourseWork.aux'.

LaTeX Font Info:    Checking defaults for OML/cmm/m/it on input line 89.
LaTeX Font Info:    ... okay on input line 89.
LaTeX Font Info:    Checking defaults for OMS/cmsy/m/n on input line 89.
LaTeX Font Info:    ... okay on input line 89.
LaTeX Font Info:    Checking defaults for OT1/cmr/m/n on input line 89.
LaTeX Font Info:    ... okay on input line 89.
LaTeX Font Info:    Checking defaults for T1/cmr/m/n on input line 89.
LaTeX Font Info:    ... okay on input line 89.
LaTeX Font Info:    Checking defaults for TS1/cmr/m/n on input line 89.
LaTeX Font Info:    ... okay on input line 89.
LaTeX Font Info:    Checking defaults for TU/lmr/m/n on input line 89.
LaTeX Font Info:    ... okay on input line 89.
LaTeX Font Info:    Checking defaults for OMX/cmex/m/n on input line 89.
LaTeX Font Info:    ... okay on input line 89.
LaTeX Font Info:    Checking defaults for U/cmr/m/n on input line 89.
LaTeX Font Info:    ... okay on input line 89.
LaTeX Font Info:    Checking defaults for T2A/cmr/m/n on input line 89.
LaTeX Font Info:    ... okay on input line 89.

*geometry* driver: auto-detecting
*geometry* detected driver: xetex
*geometry* verbose mode - [ preamble ] result:
* driver: xetex
* paper: a4paper
* layout: <same size as paper>
* layoutoffset:(h,v)=(0.0pt,0.0pt)
* modes: 
* h-part:(L,W,R)=(85.35826pt, 469.47049pt, 42.67912pt)
* v-part:(T,H,B)=(42.67912pt, 759.6886pt, 42.67912pt)
* \paperwidth=597.50787pt
* \paperheight=845.04684pt
* \textwidth=469.47049pt
* \textheight=759.6886pt
* \oddsidemargin=13.08827pt
* \evensidemargin=13.08827pt
* \topmargin=-66.59087pt
* \headheight=12.0pt
* \headsep=25.0pt
* \topskip=12.0pt
* \footskip=30.0pt
* \marginparwidth=44.0pt
* \marginparsep=10.0pt
* \columnsep=10.0pt
* \skip\footins=10.8pt plus 4.0pt minus 2.0pt
* \hoffset=0.0pt
* \voffset=0.0pt
* \mag=1000
* \@twocolumnfalse
* \@twosidefalse
* \@mparswitchfalse
* \@reversemarginfalse
* (1in=72.27pt=25.4mm, 1cm=28.453pt)

LaTeX Info: Redefining \th on input line 89.

Package fontspec Info: 
(fontspec)             Adjusting the maths setup (use [no-math] to avoid
(fontspec)             this).

\symlegacymaths=\mathgroup4
LaTeX Font Info:    Overwriting symbol font `legacymaths' in version `bold'
(Font)                  OT1/cmr/m/n --> OT1/cmr/bx/n on input line 89.
LaTeX Font Info:    Redeclaring math accent \acute on input line 89.
LaTeX Font Info:    Redeclaring math accent \grave on input line 89.
LaTeX Font Info:    Redeclaring math accent \ddot on input line 89.
LaTeX Font Info:    Redeclaring math accent \tilde on input line 89.
LaTeX Font Info:    Redeclaring math accent \bar on input line 89.
LaTeX Font Info:    Redeclaring math accent \breve on input line 89.
LaTeX Font Info:    Redeclaring math accent \check on input line 89.
LaTeX Font Info:    Redeclaring math accent \hat on input line 89.
LaTeX Font Info:    Redeclaring math accent \dot on input line 89.
LaTeX Font Info:    Redeclaring math accent \mathring on input line 89.
LaTeX Font Info:    Redeclaring math symbol \Gamma on input line 89.
LaTeX Font Info:    Redeclaring math symbol \Delta on input line 89.
LaTeX Font Info:    Redeclaring math symbol \Theta on input line 89.
LaTeX Font Info:    Redeclaring math symbol \Lambda on input line 89.
LaTeX Font Info:    Redeclaring math symbol \Xi on input line 89.
LaTeX Font Info:    Redeclaring math symbol \Pi on input line 89.
LaTeX Font Info:    Redeclaring math symbol \Sigma on input line 89.
LaTeX Font Info:    Redeclaring math symbol \Upsilon on input line 89.
LaTeX Font Info:    Redeclaring math symbol \Phi on input line 89.
LaTeX Font Info:    Redeclaring math symbol \Psi on input line 89.
LaTeX Font Info:    Redeclaring math symbol \Omega on input line 89.
LaTeX Font Info:    Redeclaring math symbol \mathdollar on input line 89.
LaTeX Font Info:    Redeclaring symbol font `operators' on input line 89.
LaTeX Font Info:    Encoding `OT1' has changed to `TU' for symbol font
(Font)              `operators' in the math version `normal' on input line 89.
LaTeX Font Info:    Overwriting symbol font `operators' in version `normal'
(Font)                  OT1/cmr/m/n --> TU/TimesNewRoman(0)/m/n on input line 8
9.
LaTeX Font Info:    Encoding `OT1' has changed to `TU' for symbol font
(Font)              `operators' in the math version `bold' on input line 89.
LaTeX Font Info:    Overwriting symbol font `operators' in version `bold'
(Font)                  OT1/cmr/bx/n --> TU/TimesNewRoman(0)/m/n on input line 
89.
LaTeX Font Info:    Overwriting symbol font `operators' in version `normal'
(Font)                  TU/TimesNewRoman(0)/m/n --> TU/TimesNewRoman(0)/m/n on 
input line 89.
LaTeX Font Info:    Overwriting math alphabet `\mathit' in version `normal'
(Font)                  OT1/cmr/m/it --> TU/TimesNewRoman(0)/m/it on input line
 89.
LaTeX Font Info:    Overwriting math alphabet `\mathbf' in version `normal'
(Font)                  OT1/cmr/bx/n --> TU/TimesNewRoman(0)/b/n on input line 
89.
LaTeX Font Info:    Overwriting math alphabet `\mathsf' in version `normal'
(Font)                  OT1/cmss/m/n --> TU/lmss/m/n on input line 89.
LaTeX Font Info:    Overwriting math alphabet `\mathtt' in version `normal'
(Font)                  OT1/cmtt/m/n --> TU/lmtt/m/n on input line 89.
LaTeX Font Info:    Overwriting symbol font `operators' in version `bold'
(Font)                  TU/TimesNewRoman(0)/m/n --> TU/TimesNewRoman(0)/b/n on 
input line 89.
LaTeX Font Info:    Overwriting math alphabet `\mathit' in version `bold'
(Font)                  OT1/cmr/bx/it --> TU/TimesNewRoman(0)/b/it on input lin
e 89.
LaTeX Font Info:    Overwriting math alphabet `\mathsf' in version `bold'
(Font)                  OT1/cmss/bx/n --> TU/lmss/b/n on input line 89.
LaTeX Font Info:    Overwriting math alphabet `\mathtt' in version `bold'
(Font)                  OT1/cmtt/m/n --> TU/lmtt/b/n on input line 89.
LaTeX Info: Redefining \microtypecontext on input line 89.
Package microtype Info: Applying patch `item' on input line 89.
Package microtype Info: Applying patch `toc' on input line 89.
Package microtype Info: Applying patch `eqnum' on input line 89.
Package microtype Info: Applying patch `footnote' on input line 89.
Package microtype Info: Applying patch `verbatim' on input line 89.
LaTeX Info: Redefining \microtypesetup on input line 89.
Package microtype Info: Character protrusion enabled (level 2).
Package microtype Info: Using default protrusion set `alltext'.
Package microtype Info: No adjustment of tracking.
Package microtype Info: No adjustment of spacing.
Package microtype Info: No adjustment of kerning.
Package microtype Info: Loading generic protrusion settings for font family
(microtype)             `TimesNewRoman' (encoding: TU).
(microtype)             For optimal results, create family-specific settings.
(microtype)             See the microtype manual for details.
Package caption Info: Begin \AtBeginDocument code.
Package caption Info: End \AtBeginDocument code.


[1

] (c:/texlive/2025/texmf-dist/tex/latex/microtype/mt-cmr.cfg
File: mt-cmr.cfg 2013/05/19 v2.2 microtype config. file: Computer Modern Roman 
(RS)
)

[1]
(C:/Users/DelNick/Documents/Coursework/Reinforcing-Fiber/TextCourseWork/CourseW
ork.toc)
\tf@toc=\write3
\openout3 = `CourseWork.toc'.



[2]

[3

]

[4]
File: Images/YB_Amplifier_tech_data_sheme.png Graphic file (type bmp)
<Images/YB_Amplifier_tech_data_sheme.png>
File: Images/Оптическая установка.png Graphic file (type bmp)
<Images/Оптическая установка.png>

Overfull \hbox (0.33875pt too wide) in paragraph at lines 212--217
[]\TU/TimesNewRoman(0)/m/n/12 Чёрным обозначены пассивные волокна, зелёным цвет
ом выделены иттербиевые. Под
 []



[5

]
File: Images/Спектр усиления.png Graphic file (type bmp)
<Images/Спектр усиления.png>


LaTeX Warning: `h' float specifier changed to `ht'.



[6]
File: Images/Спектр решётки.png Graphic file (type bmp)
<Images/Спектр решётки.png>


LaTeX Warning: `!h' float specifier changed to `!ht'.



[7]
File: Images/Gauss Pulse/Импульс и спектр/!4. BFG_pusle.png Graphic file (type 
bmp)
<Images/Gauss Pulse/Импульс и спектр/!4. BFG_pusle.png>
File: Images/Gauss Pulse/Импульс и спектр/!4. BFG_spectrum.png Graphic file (ty
pe bmp)
<Images/Gauss Pulse/Импульс и спектр/!4. BFG_spectrum.png>

C:/Users/DelNick/Documents/Coursework/Reinforcing-Fiber/TextCourseWork/CourseWo
rk.tex:321: Missing number, treated as zero.
<to be read again> 
                   \relax 
l.321   \vspace{}
                 
A number should have been here; I inserted `0'.
(If you can't figure out why I needed to see a number,
look up `weird error' in the index to The TeXbook.)

C:/Users/DelNick/Documents/Coursework/Reinforcing-Fiber/TextCourseWork/CourseWo
rk.tex:321: Illegal unit of measure (pt inserted).
<to be read again> 
                   \relax 
l.321   \vspace{}
                 
Dimensions can be in units of em, ex, in, pt, pc,
cm, mm, dd, cc, bp, or sp; but yours is a new one!
I'll assume that you meant to say pt, for printer's points.
To recover gracefully from this error, it's best to
delete the erroneous units; e.g., type `2' to delete
two letters. (See Chapter 27 of The TeXbook.)

File: Images/Gauss Pulse/После компрессора/4 элемент gamma=49.41509 l_g=0.36344
 сжатие.png Graphic file (type bmp)
<Images/Gauss Pulse/После компрессора/4 элемент gamma=49.41509 l_g=0.36344 сжат
ие.png>
File: Images/Gauss Pulse/Импульс и спектр/!4. BFG_time_delay.png Graphic file (
type bmp)
<Images/Gauss Pulse/Импульс и спектр/!4. BFG_time_delay.png>


[8]

[9]
Overfull \hbox (3.73598pt too wide) in paragraph at lines 401--405
[]\TU/TimesNewRoman(0)/m/n/12 Для распраллеливания основной критерий — независи
мость мелких вычислений внут-
 []

File: Images/Время выполнения.png Graphic file (type bmp)
<Images/Время выполнения.png>

LaTeX Warning: `h' float specifier changed to `ht'.



[10]

[11]

[12]
File: Images/Gauss Pulse/Импульс и спектр/!8. Yb3+ 6_125, 0.9m_pusle.png Graphi
c file (type bmp)
<Images/Gauss Pulse/Импульс и спектр/!8. Yb3+ 6_125, 0.9m_pusle.png>
File: Images/Gauss Pulse/Импульс и спектр/!8. Yb3+ 6_125, 0.9m_spectrum.png Gra
phic file (type bmp)
<Images/Gauss Pulse/Импульс и спектр/!8. Yb3+ 6_125, 0.9m_spectrum.png>

C:/Users/DelNick/Documents/Coursework/Reinforcing-Fiber/TextCourseWork/CourseWo
rk.tex:492: Missing number, treated as zero.
<to be read again> 
                   \relax 
l.492   \vspace{}
                 
A number should have been here; I inserted `0'.
(If you can't figure out why I needed to see a number,
look up `weird error' in the index to The TeXbook.)

C:/Users/DelNick/Documents/Coursework/Reinforcing-Fiber/TextCourseWork/CourseWo
rk.tex:492: Illegal unit of measure (pt inserted).
<to be read again> 
                   \relax 
l.492   \vspace{}
                 
Dimensions can be in units of em, ex, in, pt, pc,
cm, mm, dd, cc, bp, or sp; but yours is a new one!
I'll assume that you meant to say pt, for printer's points.
To recover gracefully from this error, it's best to
delete the erroneous units; e.g., type `2' to delete
two letters. (See Chapter 27 of The TeXbook.)

File: Images/Gauss Pulse/После компрессора/8 элемент gamma=49.49162 l_g=0.36725
 сжатие.png Graphic file (type bmp)
<Images/Gauss Pulse/После компрессора/8 элемент gamma=49.49162 l_g=0.36725 сжат
ие.png>
File: Images/Gauss Pulse/Импульс и спектр/!8. Yb3+ 6_125, 0.9m_time_delay.png G
raphic file (type bmp)
<Images/Gauss Pulse/Импульс и спектр/!8. Yb3+ 6_125, 0.9m_time_delay.png>


[13

]
File: Images/Gauss Pulse/Импульс и спектр/!14. Yb3+ 6_125, 0.8m_pusle.png Graph
ic file (type bmp)
<Images/Gauss Pulse/Импульс и спектр/!14. Yb3+ 6_125, 0.8m_pusle.png>
File: Images/Gauss Pulse/Импульс и спектр/!14. Yb3+ 6_125, 0.8m_spectrum.png Gr
aphic file (type bmp)
<Images/Gauss Pulse/Импульс и спектр/!14. Yb3+ 6_125, 0.8m_spectrum.png>

C:/Users/DelNick/Documents/Coursework/Reinforcing-Fiber/TextCourseWork/CourseWo
rk.tex:521: Missing number, treated as zero.
<to be read again> 
                   \relax 
l.521   \vspace{}
                 
A number should have been here; I inserted `0'.
(If you can't figure out why I needed to see a number,
look up `weird error' in the index to The TeXbook.)

C:/Users/DelNick/Documents/Coursework/Reinforcing-Fiber/TextCourseWork/CourseWo
rk.tex:521: Illegal unit of measure (pt inserted).
<to be read again> 
                   \relax 
l.521   \vspace{}
                 
Dimensions can be in units of em, ex, in, pt, pc,
cm, mm, dd, cc, bp, or sp; but yours is a new one!
I'll assume that you meant to say pt, for printer's points.
To recover gracefully from this error, it's best to
delete the erroneous units; e.g., type `2' to delete
two letters. (See Chapter 27 of The TeXbook.)

File: Images/Gauss Pulse/После компрессора/14 элемент gamma=49.71717 l_g=0.3769
8 сжатие.png Graphic file (type bmp)
<Images/Gauss Pulse/После компрессора/14 элемент gamma=49.71717 l_g=0.37698 сжа
тие.png>
File: Images/Gauss Pulse/Импульс и спектр/!14. Yb3+ 6_125, 0.8m_time_delay.png 
Graphic file (type bmp)
<Images/Gauss Pulse/Импульс и спектр/!14. Yb3+ 6_125, 0.8m_time_delay.png>


[14]
File: Images/Gauss Pulse/Импульс и спектр/!23. Fiber_pusle.png Graphic file (ty
pe bmp)
<Images/Gauss Pulse/Импульс и спектр/!23. Fiber_pusle.png>
File: Images/Gauss Pulse/Импульс и спектр/!23. Fiber_spectrum.png Graphic file 
(type bmp)
<Images/Gauss Pulse/Импульс и спектр/!23. Fiber_spectrum.png>

C:/Users/DelNick/Documents/Coursework/Reinforcing-Fiber/TextCourseWork/CourseWo
rk.tex:561: Missing number, treated as zero.
<to be read again> 
                   \relax 
l.561   \vspace{}
                 
A number should have been here; I inserted `0'.
(If you can't figure out why I needed to see a number,
look up `weird error' in the index to The TeXbook.)

C:/Users/DelNick/Documents/Coursework/Reinforcing-Fiber/TextCourseWork/CourseWo
rk.tex:561: Illegal unit of measure (pt inserted).
<to be read again> 
                   \relax 
l.561   \vspace{}
                 
Dimensions can be in units of em, ex, in, pt, pc,
cm, mm, dd, cc, bp, or sp; but yours is a new one!
I'll assume that you meant to say pt, for printer's points.
To recover gracefully from this error, it's best to
delete the erroneous units; e.g., type `2' to delete
two letters. (See Chapter 27 of The TeXbook.)

File: Images/Gauss Pulse/После компрессора/23 элемент gamma=51.86558 l_g=0.4523
9 сжатие.png Graphic file (type bmp)
<Images/Gauss Pulse/После компрессора/23 элемент gamma=51.86558 l_g=0.45239 сжа
тие.png>
File: Images/Gauss Pulse/Импульс и спектр/!23. Fiber_time_delay.png Graphic fil
e (type bmp)
<Images/Gauss Pulse/Импульс и спектр/!23. Fiber_time_delay.png>
File: Images/Gauss Pulse/Беты/beta_2_full.png Graphic file (type bmp)
<Images/Gauss Pulse/Беты/beta_2_full.png>
File: Images/Gauss Pulse/Беты/beta_2_cut.png Graphic file (type bmp)
<Images/Gauss Pulse/Беты/beta_2_cut.png>


[15]
File: Images/Gauss Pulse/Беты/beta_3_full.png Graphic file (type bmp)
<Images/Gauss Pulse/Беты/beta_3_full.png>
File: Images/Gauss Pulse/Беты/beta_3_cut.png Graphic file (type bmp)
<Images/Gauss Pulse/Беты/beta_3_cut.png>
File: Images/Gauss Pulse/Беты/beta_4_full.png Graphic file (type bmp)
<Images/Gauss Pulse/Беты/beta_4_full.png>
File: Images/Gauss Pulse/Беты/beta_4_cut.png Graphic file (type bmp)
<Images/Gauss Pulse/Беты/beta_4_cut.png>


[16]
File: Images/Gauss Pulse/!B интегралы.png Graphic file (type bmp)
<Images/Gauss Pulse/!B интегралы.png>
File: Images/Gauss Pulse Parabolic Profile/Импульс и спектр/!8. Yb3+ 6_125, 0.9
m_pusle.png Graphic file (type bmp)
<Images/Gauss Pulse Parabolic Profile/Импульс и спектр/!8. Yb3+ 6_125, 0.9m_pus
le.png>
File: Images/Gauss Pulse Parabolic Profile/Импульс и спектр/!8. Yb3+ 6_125, 0.9
m_spectrum.png Graphic file (type bmp)
<Images/Gauss Pulse Parabolic Profile/Импульс и спектр/!8. Yb3+ 6_125, 0.9m_spe
ctrum.png>

C:/Users/DelNick/Documents/Coursework/Reinforcing-Fiber/TextCourseWork/CourseWo
rk.tex:670: Missing number, treated as zero.
<to be read again> 
                   \relax 
l.670   \vspace{}
                 
A number should have been here; I inserted `0'.
(If you can't figure out why I needed to see a number,
look up `weird error' in the index to The TeXbook.)

C:/Users/DelNick/Documents/Coursework/Reinforcing-Fiber/TextCourseWork/CourseWo
rk.tex:670: Illegal unit of measure (pt inserted).
<to be read again> 
                   \relax 
l.670   \vspace{}
                 
Dimensions can be in units of em, ex, in, pt, pc,
cm, mm, dd, cc, bp, or sp; but yours is a new one!
I'll assume that you meant to say pt, for printer's points.
To recover gracefully from this error, it's best to
delete the erroneous units; e.g., type `2' to delete
two letters. (See Chapter 27 of The TeXbook.)

File: Images/Gauss Pulse Parabolic Profile/После компрессора/8 элемент gamma=49
.49401 l_g=0.36732 сжатие.png Graphic file (type bmp)
<Images/Gauss Pulse Parabolic Profile/После компрессора/8 элемент gamma=49.4940
1 l_g=0.36732 сжатие.png>
File: Images/Gauss Pulse Parabolic Profile/Импульс и спектр/!8. Yb3+ 6_125, 0.9
m_time_delay.png Graphic file (type bmp)
<Images/Gauss Pulse Parabolic Profile/Импульс и спектр/!8. Yb3+ 6_125, 0.9m_tim
e_delay.png>

LaTeX Warning: `!h' float specifier changed to `!ht'.

File: Images/Gauss Pulse Parabolic Profile/Импульс и спектр/!14. Yb3+ 6_125, 0.
8m_pusle.png Graphic file (type bmp)
<Images/Gauss Pulse Parabolic Profile/Импульс и спектр/!14. Yb3+ 6_125, 0.8m_pu
sle.png>
File: Images/Gauss Pulse Parabolic Profile/Импульс и спектр/!14. Yb3+ 6_125, 0.
8m_spectrum.png Graphic file (type bmp)
<Images/Gauss Pulse Parabolic Profile/Импульс и спектр/!14. Yb3+ 6_125, 0.8m_sp
ectrum.png>
C:/Users/DelNick/Documents/Coursework/Reinforcing-Fiber/TextCourseWork/CourseWo
rk.tex:702: Missing number, treated as zero.
<to be read again> 
                   \relax 
l.702   \vspace{}
                 
A number should have been here; I inserted `0'.
(If you can't figure out why I needed to see a number,
look up `weird error' in the index to The TeXbook.)

C:/Users/DelNick/Documents/Coursework/Reinforcing-Fiber/TextCourseWork/CourseWo
rk.tex:702: Illegal unit of measure (pt inserted).
<to be read again> 
                   \relax 
l.702   \vspace{}
                 
Dimensions can be in units of em, ex, in, pt, pc,
cm, mm, dd, cc, bp, or sp; but yours is a new one!
I'll assume that you meant to say pt, for printer's points.
To recover gracefully from this error, it's best to
delete the erroneous units; e.g., type `2' to delete
two letters. (See Chapter 27 of The TeXbook.)

File: Images/Gauss Pulse Parabolic Profile/После компрессора/14 элемент gamma=4
9.60634 l_g=0.37317 сжатие.png Graphic file (type bmp)
<Images/Gauss Pulse Parabolic Profile/После компрессора/14 элемент gamma=49.606
34 l_g=0.37317 сжатие.png>
File: Images/Gauss Pulse Parabolic Profile/Импульс и спектр/!14. Yb3+ 6_125, 0.
8m_time_delay.png Graphic file (type bmp)
<Images/Gauss Pulse Parabolic Profile/Импульс и спектр/!14. Yb3+ 6_125, 0.8m_ti
me_delay.png>

LaTeX Warning: `!h' float specifier changed to `!ht'.



[17]
File: Images/Gauss Pulse Parabolic Profile/Импульс и спектр/!23. Fiber_pusle.pn
g Graphic file (type bmp)
<Images/Gauss Pulse Parabolic Profile/Импульс и спектр/!23. Fiber_pusle.png>
File: Images/Gauss Pulse Parabolic Profile/Импульс и спектр/!23. Fiber_spectrum
.png Graphic file (type bmp)
<Images/Gauss Pulse Parabolic Profile/Импульс и спектр/!23. Fiber_spectrum.png>


C:/Users/DelNick/Documents/Coursework/Reinforcing-Fiber/TextCourseWork/CourseWo
rk.tex:730: Missing number, treated as zero.
<to be read again> 
                   \relax 
l.730   \vspace{}
                 
A number should have been here; I inserted `0'.
(If you can't figure out why I needed to see a number,
look up `weird error' in the index to The TeXbook.)

C:/Users/DelNick/Documents/Coursework/Reinforcing-Fiber/TextCourseWork/CourseWo
rk.tex:730: Illegal unit of measure (pt inserted).
<to be read again> 
                   \relax 
l.730   \vspace{}
                 
Dimensions can be in units of em, ex, in, pt, pc,
cm, mm, dd, cc, bp, or sp; but yours is a new one!
I'll assume that you meant to say pt, for printer's points.
To recover gracefully from this error, it's best to
delete the erroneous units; e.g., type `2' to delete
two letters. (See Chapter 27 of The TeXbook.)

File: Images/Gauss Pulse Parabolic Profile/После компрессора/23 элемент gamma=4
9.59073 l_g=0.37532 сжатие.png Graphic file (type bmp)
<Images/Gauss Pulse Parabolic Profile/После компрессора/23 элемент gamma=49.590
73 l_g=0.37532 сжатие.png>
File: Images/Gauss Pulse Parabolic Profile/Импульс и спектр/!23. Fiber_time_del
ay.png Graphic file (type bmp)
<Images/Gauss Pulse Parabolic Profile/Импульс и спектр/!23. Fiber_time_delay.pn
g>

LaTeX Warning: `!h' float specifier changed to `!ht'.

File: Images/Gauss Pulse Parabolic Profile/Беты/beta_3_full.png Graphic file (t
ype bmp)
<Images/Gauss Pulse Parabolic Profile/Беты/beta_3_full.png>
File: Images/Gauss Pulse Parabolic Profile/Беты/beta_3_cut.png Graphic file (ty
pe bmp)
<Images/Gauss Pulse Parabolic Profile/Беты/beta_3_cut.png>

LaTeX Warning: `!h' float specifier changed to `!ht'.

File: Images/Gauss Pulse Parabolic Profile/Беты/beta_4_full.png Graphic file (t
ype bmp)
<Images/Gauss Pulse Parabolic Profile/Беты/beta_4_full.png>
File: Images/Gauss Pulse Parabolic Profile/Беты/beta_4_cut.png Graphic file (ty
pe bmp)
<Images/Gauss Pulse Parabolic Profile/Беты/beta_4_cut.png>

LaTeX Warning: `!h' float specifier changed to `!ht'.



[18]
File: Images/Gauss Pulse x10/!23. Fiber_pusle.png Graphic file (type bmp)
<Images/Gauss Pulse x10/!23. Fiber_pusle.png>
File: Images/Gauss Pulse x10/!23. Fiber_spectrum.png Graphic file (type bmp)
<Images/Gauss Pulse x10/!23. Fiber_spectrum.png>

C:/Users/DelNick/Documents/Coursework/Reinforcing-Fiber/TextCourseWork/CourseWo
rk.tex:795: Missing number, treated as zero.
<to be read again> 
                   \relax 
l.795   \vspace{}
                 
A number should have been here; I inserted `0'.
(If you can't figure out why I needed to see a number,
look up `weird error' in the index to The TeXbook.)

C:/Users/DelNick/Documents/Coursework/Reinforcing-Fiber/TextCourseWork/CourseWo
rk.tex:795: Illegal unit of measure (pt inserted).
<to be read again> 
                   \relax 
l.795   \vspace{}
                 
Dimensions can be in units of em, ex, in, pt, pc,
cm, mm, dd, cc, bp, or sp; but yours is a new one!
I'll assume that you meant to say pt, for printer's points.
To recover gracefully from this error, it's best to
delete the erroneous units; e.g., type `2' to delete
two letters. (See Chapter 27 of The TeXbook.)

File: Images/Gauss Pulse x10/23 элемент gamma=60.88315 l_g=0.73684 сжатие.png G
raphic file (type bmp)
<Images/Gauss Pulse x10/23 элемент gamma=60.88315 l_g=0.73684 сжатие.png>
File: Images/Gauss Pulse x10/!23. Fiber_time_delay.png Graphic file (type bmp)
<Images/Gauss Pulse x10/!23. Fiber_time_delay.png>

LaTeX Warning: `!h' float specifier changed to `!ht'.

File: Images/Gauss Pulse x10/Беты/beta_3_full.png Graphic file (type bmp)
<Images/Gauss Pulse x10/Беты/beta_3_full.png>
File: Images/Gauss Pulse x10/Беты/beta_3_cut.png Graphic file (type bmp)
<Images/Gauss Pulse x10/Беты/beta_3_cut.png>

LaTeX Warning: `!h' float specifier changed to `!ht'.

File: Images/Gauss Pulse x10/Беты/beta_4_full.png Graphic file (type bmp)
<Images/Gauss Pulse x10/Беты/beta_4_full.png>
File: Images/Gauss Pulse x10/Беты/beta_4_cut.png Graphic file (type bmp)
<Images/Gauss Pulse x10/Беты/beta_4_cut.png>

LaTeX Warning: `!h' float specifier changed to `!ht'.

File: Images/Gauss Pulse x10/!B интегралы.png Graphic file (type bmp)
<Images/Gauss Pulse x10/!B интегралы.png>


[19]

LaTeX Warning: `!h' float specifier changed to `!ht'.



[20]

[21]
File: Images/Gauss Pulse without 15-19/!23. Fiber_pusle.png Graphic file (type 
bmp)
<Images/Gauss Pulse without 15-19/!23. Fiber_pusle.png>
File: Images/Gauss Pulse without 15-19/!23. Fiber_spectrum.png Graphic file (ty
pe bmp)
<Images/Gauss Pulse without 15-19/!23. Fiber_spectrum.png>

C:/Users/DelNick/Documents/Coursework/Reinforcing-Fiber/TextCourseWork/CourseWo
rk.tex:870: Missing number, treated as zero.
<to be read again> 
                   \relax 
l.870   \vspace{}
                 
A number should have been here; I inserted `0'.
(If you can't figure out why I needed to see a number,
look up `weird error' in the index to The TeXbook.)

C:/Users/DelNick/Documents/Coursework/Reinforcing-Fiber/TextCourseWork/CourseWo
rk.tex:870: Illegal unit of measure (pt inserted).
<to be read again> 
                   \relax 
l.870   \vspace{}
                 
Dimensions can be in units of em, ex, in, pt, pc,
cm, mm, dd, cc, bp, or sp; but yours is a new one!
I'll assume that you meant to say pt, for printer's points.
To recover gracefully from this error, it's best to
delete the erroneous units; e.g., type `2' to delete
two letters. (See Chapter 27 of The TeXbook.)

File: Images/Gauss Pulse without 15-19/23 элемент gamma=50.14203 l_g=0.39316 сж
атие.png Graphic file (type bmp)
<Images/Gauss Pulse without 15-19/23 элемент gamma=50.14203 l_g=0.39316 сжатие.
png>
File: Images/Gauss Pulse without 15-19/!23. Fiber_time_delay.png Graphic file (
type bmp)
<Images/Gauss Pulse without 15-19/!23. Fiber_time_delay.png>

LaTeX Warning: `!h' float specifier changed to `!ht'.



[22]
File: Images/Gauss Pulse without 15-19/Беты/beta_3_full.png Graphic file (type 
bmp)
<Images/Gauss Pulse without 15-19/Беты/beta_3_full.png>
File: Images/Gauss Pulse without 15-19/Беты/beta_3_cut.png Graphic file (type b
mp)
<Images/Gauss Pulse without 15-19/Беты/beta_3_cut.png>


C:/Users/DelNick/Documents/Coursework/Reinforcing-Fiber/TextCourseWork/CourseWo
rk.tex:901: LaTeX Error: Unknown float option `H'.

See the LaTeX manual or LaTeX Companion for explanation.
Type  H <return>  for immediate help.
 ...                                              
                                                  
l.901 \begin{figure}[H]
                       
Option `H' ignored and `p' used.

File: Images/Gauss Pulse without 15-19/Беты/beta_4_full.png Graphic file (type 
bmp)
<Images/Gauss Pulse without 15-19/Беты/beta_4_full.png>
File: Images/Gauss Pulse without 15-19/Беты/beta_4_cut.png Graphic file (type b
mp)
<Images/Gauss Pulse without 15-19/Беты/beta_4_cut.png>


[23]

[24]

[25

]
(C:/Users/DelNick/Documents/Coursework/Reinforcing-Fiber/TextCourseWork/CourseW
ork.bbl
Underfull \hbox (badness 2285) in paragraph at lines 36--41
\TU/TimesNewRoman(0)/m/n/12 Katsumi Midorikawa.  Temporal focusing microscopy u
sing three-photon excitation
 []



[26

]
Underfull \hbox (badness 1077) in paragraph at lines 138--142
[]\TU/TimesNewRoman(0)/m/n/12 Tino Eidam, Jan Rothhardt, Fabian Stutzki, Floria
n Jansen, Steffen Hädrich, Henning
 []

)

Package caption Warning: Unused \captionsetup[subfigure] on input line 44.
See the caption package documentation for explanation.



[27]
(C:/Users/DelNick/Documents/Coursework/Reinforcing-Fiber/TextCourseWork/CourseW
ork.aux)
 ***********
LaTeX2e <2024-11-01> patch level 2
L3 programming layer <2025-04-29>
 ***********


LaTeX Font Warning: Some font shapes were not available, defaults substituted.


LaTeX Warning: There were multiply-defined labels.

 ) 
Here is how much of TeX's memory you used:
 12374 strings out of 470231
 311702 string characters out of 5487678
 714043 words of memory out of 5000000
 38877 multiletter control sequences out of 15000+600000
 631205 words of font info for 74 fonts, out of 8000000 for 9000
 1348 hyphenation exceptions out of 8191
 73i,12n,93p,1007b,427s stack positions out of 10000i,1000n,20000p,200000b,200000s

Output written on C:/Users/DelNick/Documents/Coursework/Reinforcing-Fiber/TextC
ourseWork/CourseWork.pdf (28 pages).
